<?xml version="1.0" encoding="UTF-8"?>
<!-- Generated by org.testng.reporters.JUnitXMLReporter -->
<testsuite ignored="1" hostname="DESKTOP-4895GAU" failures="0" tests="1" name="Default test" time="28.026" errors="0" timestamp="2024-12-05T21:58:22 GMT-06:00">
  <testcase classname="JTAS.WebAutomation.SubmitOrder" name="submitOrder" time="18.619"/>
  <testcase classname="JTAS.WebAutomation.SubmitOrder" name="verifyOrdersHistory" time="0.0">
    <ignored/>
  </testcase> <!-- verifyOrdersHistory -->
</testsuite> <!-- Default test -->
