<?xml version="1.0" encoding="UTF-8"?>
<!-- Generated by org.testng.reporters.JUnitXMLReporter -->
<testsuite ignored="0" hostname="DESKTOP-4895GAU" failures="2" tests="2" name="Test" time="5.964" errors="0" timestamp="2024-12-04T23:47:24 GMT-06:00">
  <testcase classname="JTAS.WebAutomation.SubmitOrder" name="submitOrder" time="0.113">
    <failure type="java.util.zip.ZipException" message="Cannot find zip signature within the file">
      <![CDATA[java.util.zip.ZipException: Cannot find zip signature within the file
at org.apache.commons.compress.archivers.zip.ZipArchiveInputStream.readFirstLocalFileHeader(ZipArchiveInputStream.java:1048)
at org.apache.commons.compress.archivers.zip.ZipArchiveInputStream.getNextZipEntry(ZipArchiveInputStream.java:660)
at org.apache.poi.openxml4j.util.ZipArchiveThresholdInputStream.getNextEntry(ZipArchiveThresholdInputStream.java:152)
at org.apache.poi.openxml4j.util.ZipInputStreamZipEntrySource.<init>(ZipInputStreamZipEntrySource.java:94)
at org.apache.poi.openxml4j.opc.ZipPackage.<init>(ZipPackage.java:132)
at org.apache.poi.openxml4j.opc.OPCPackage.open(OPCPackage.java:319)
at org.apache.poi.ooxml.util.PackageHelper.open(PackageHelper.java:59)
at org.apache.poi.xssf.usermodel.XSSFWorkbook.<init>(XSSFWorkbook.java:290)
at org.apache.poi.xssf.usermodel.XSSFWorkbook.<init>(XSSFWorkbook.java:286)
at JTAS.Resources.ExcelUtils.<init>(ExcelUtils.java:17)
at JTAS.TestComponents.BaseTest.loadTestData(BaseTest.java:97)
at JTAS.WebAutomation.SubmitOrder.submitOrder(SubmitOrder.java:22)
at java.base/java.util.ArrayList.forEach(ArrayList.java:1511)
at java.base/java.util.concurrent.FutureTask.run(FutureTask.java:317)
at java.base/java.util.concurrent.ThreadPoolExecutor.runWorker(ThreadPoolExecutor.java:1144)
at java.base/java.util.concurrent.ThreadPoolExecutor$Worker.run(ThreadPoolExecutor.java:642)
at java.base/java.lang.Thread.run(Thread.java:1589)
... Removed 16 stack frames]]>
    </failure>
  </testcase> <!-- submitOrder -->
  <testcase classname="JTAS.WebAutomation.SubmitOrder" name="submitOrder" time="5.952">
    <failure type="java.lang.NullPointerException" message="Cannot invoke &amp;quot;org.openqa.selenium.TakesScreenshot.getScreenshotAs(org.openqa.selenium.OutputType)&amp;quot; because &amp;quot;driver&amp;quot; is null">
      <![CDATA[java.lang.NullPointerException: Cannot invoke "org.openqa.selenium.TakesScreenshot.getScreenshotAs(org.openqa.selenium.OutputType)" because "driver" is null
at JTAS.TestComponents.BaseTest.takeScreenshot(BaseTest.java:86)
at JTAS.TestComponents.Listeners.onTestFailure(Listeners.java:47)
at java.base/java.util.ArrayList.forEach(ArrayList.java:1511)
at java.base/java.util.concurrent.FutureTask.run(FutureTask.java:317)
at java.base/java.util.concurrent.ThreadPoolExecutor.runWorker(ThreadPoolExecutor.java:1144)
at java.base/java.util.concurrent.ThreadPoolExecutor$Worker.run(ThreadPoolExecutor.java:642)
at java.base/java.lang.Thread.run(Thread.java:1589)
... Removed 15 stack frames]]>
    </failure>
  </testcase> <!-- submitOrder -->
</testsuite> <!-- Test -->
