<?xml version="1.0" encoding="UTF-8"?>
<testng-results ignored="0" total="2" passed="2" failed="0" skipped="0">
  <reporter-output>
  </reporter-output>
  <suite started-at="2024-10-31T10:49:35 GMT-05:00" name="Suite" finished-at="2024-10-31T10:50:08 GMT-05:00" duration-ms="32712">
    <groups>
    </groups>
    <test started-at="2024-10-31T10:49:35 GMT-05:00" name="Test" finished-at="2024-10-31T10:50:08 GMT-05:00" duration-ms="32712">
      <class name="JTAS.WebAutomation.SubmitOrder">
        <test-method is-config="true" signature="launchApplication()[pri:0, instance:JTAS.WebAutomation.SubmitOrder@4145bad8]" started-at="2024-10-31T10:49:35 GMT-05:00" name="launchApplication" finished-at="2024-10-31T10:49:45 GMT-05:00" duration-ms="9537" status="PASS">
          <reporter-output>
          </reporter-output>
        </test-method> <!-- launchApplication -->
        <test-method signature="submitOrder()[pri:0, instance:JTAS.WebAutomation.SubmitOrder@4145bad8]" started-at="2024-10-31T10:49:45 GMT-05:00" name="submitOrder" finished-at="2024-10-31T10:50:00 GMT-05:00" duration-ms="15865" status="PASS">
          <reporter-output>
          </reporter-output>
        </test-method> <!-- submitOrder -->
        <test-method is-config="true" signature="closeBrowser()[pri:0, instance:JTAS.WebAutomation.SubmitOrder@4145bad8]" started-at="2024-10-31T10:50:00 GMT-05:00" name="closeBrowser" finished-at="2024-10-31T10:50:01 GMT-05:00" duration-ms="182" status="PASS">
          <reporter-output>
          </reporter-output>
        </test-method> <!-- closeBrowser -->
        <test-method is-config="true" signature="tearDown()[pri:0, instance:JTAS.WebAutomation.SubmitOrder@4145bad8]" started-at="2024-10-31T10:50:01 GMT-05:00" name="tearDown" finished-at="2024-10-31T10:50:01 GMT-05:00" duration-ms="2" status="PASS">
          <reporter-output>
          </reporter-output>
        </test-method> <!-- tearDown -->
        <test-method is-config="true" signature="launchApplication()[pri:0, instance:JTAS.WebAutomation.SubmitOrder@4145bad8]" started-at="2024-10-31T10:50:01 GMT-05:00" name="launchApplication" finished-at="2024-10-31T10:50:06 GMT-05:00" duration-ms="5260" status="PASS">
          <reporter-output>
          </reporter-output>
        </test-method> <!-- launchApplication -->
        <test-method signature="verifyOrdersHistory()[pri:0, instance:JTAS.WebAutomation.SubmitOrder@4145bad8]" started-at="2024-10-31T10:50:06 GMT-05:00" name="verifyOrdersHistory" finished-at="2024-10-31T10:50:08 GMT-05:00" duration-ms="1801" status="PASS">
          <reporter-output>
          </reporter-output>
        </test-method> <!-- verifyOrdersHistory -->
        <test-method is-config="true" signature="closeBrowser()[pri:0, instance:JTAS.WebAutomation.SubmitOrder@4145bad8]" started-at="2024-10-31T10:50:08 GMT-05:00" name="closeBrowser" finished-at="2024-10-31T10:50:08 GMT-05:00" duration-ms="0" status="PASS">
          <reporter-output>
          </reporter-output>
        </test-method> <!-- closeBrowser -->
        <test-method is-config="true" signature="tearDown()[pri:0, instance:JTAS.WebAutomation.SubmitOrder@4145bad8]" started-at="2024-10-31T10:50:08 GMT-05:00" name="tearDown" finished-at="2024-10-31T10:50:08 GMT-05:00" duration-ms="0" status="PASS">
          <reporter-output>
          </reporter-output>
        </test-method> <!-- tearDown -->
      </class> <!-- JTAS.WebAutomation.SubmitOrder -->
    </test> <!-- Test -->
  </suite> <!-- Suite -->
</testng-results>
