<?xml version="1.0" encoding="UTF-8"?>
<testng-results ignored="1" total="2" passed="1" failed="0" skipped="0">
  <reporter-output>
  </reporter-output>
  <suite started-at="2024-12-04T23:59:26 GMT-06:00" name="Default suite" finished-at="2024-12-04T23:59:48 GMT-06:00" duration-ms="22229">
    <groups>
    </groups>
    <test started-at="2024-12-04T23:59:26 GMT-06:00" name="Default test" finished-at="2024-12-04T23:59:48 GMT-06:00" duration-ms="22229">
      <class name="JTAS.WebAutomation.SubmitOrder">
        <test-method is-config="true" signature="launchApplication()[pri:0, instance:JTAS.WebAutomation.SubmitOrder@8dbdac1]" started-at="2024-12-04T23:59:26 GMT-06:00" name="launchApplication" finished-at="2024-12-04T23:59:32 GMT-06:00" duration-ms="5832" status="PASS">
          <reporter-output>
          </reporter-output>
        </test-method> <!-- launchApplication -->
        <test-method signature="submitOrder()[pri:0, instance:JTAS.WebAutomation.SubmitOrder@8dbdac1]" started-at="2024-12-04T23:59:32 GMT-06:00" name="submitOrder" finished-at="2024-12-04T23:59:48 GMT-06:00" duration-ms="16219" status="PASS">
          <reporter-output>
          </reporter-output>
        </test-method> <!-- submitOrder -->
        <test-method is-config="true" signature="closeBrowser()[pri:0, instance:JTAS.WebAutomation.SubmitOrder@8dbdac1]" started-at="2024-12-04T23:59:48 GMT-06:00" name="closeBrowser" finished-at="2024-12-04T23:59:48 GMT-06:00" duration-ms="149" status="PASS">
          <reporter-output>
          </reporter-output>
        </test-method> <!-- closeBrowser -->
        <test-method is-config="true" signature="tearDown()[pri:0, instance:JTAS.WebAutomation.SubmitOrder@8dbdac1]" started-at="2024-12-04T23:59:48 GMT-06:00" name="tearDown" finished-at="2024-12-04T23:59:48 GMT-06:00" duration-ms="0" status="PASS">
          <reporter-output>
          </reporter-output>
        </test-method> <!-- tearDown -->
      </class> <!-- JTAS.WebAutomation.SubmitOrder -->
    </test> <!-- Default test -->
  </suite> <!-- Default suite -->
</testng-results>
